

Started GET "/" for 127.0.0.1 at Tue Mar 08 18:31:50 -0800 2011

ActionController::RoutingError (No route matches "/"):
  

Rendered /Library/Ruby/Gems/1.8/gems/actionpack-3.0.5/lib/action_dispatch/middleware/templates/rescues/routing_error.erb within rescues/layout (1.4ms)


Started GET "/" for 127.0.0.1 at Tue Mar 08 18:38:01 -0800 2011
  Processing by SiteController#index as HTML
Rendered site/index.rb within layouts/application (71.5ms)
Completed 200 OK in 85ms (Views: 84.3ms | ActiveRecord: 0.0ms)


Started GET "/" for 127.0.0.1 at Tue Mar 08 18:43:29 -0800 2011
  Processing by SiteController#index as HTML
Rendered site/index.rb within layouts/application (8.8ms)
Completed 200 OK in 17ms (Views: 16.3ms | ActiveRecord: 0.0ms)


Started GET "/map.html" for 127.0.0.1 at Tue Mar 08 18:43:29 -0800 2011

AbstractController::ActionNotFound (The action 'map' could not be found for SiteController):
  

Rendered /Library/Ruby/Gems/1.8/gems/actionpack-3.0.5/lib/action_dispatch/middleware/templates/rescues/unknown_action.erb within rescues/layout (0.9ms)


Started GET "/" for 127.0.0.1 at Tue Mar 08 18:43:40 -0800 2011
  Processing by SiteController#index as HTML
Rendered site/index.rb within layouts/application (80.1ms)
Completed 200 OK in 89ms (Views: 88.7ms | ActiveRecord: 0.0ms)


Started GET "/map.html" for 127.0.0.1 at Tue Mar 08 18:43:41 -0800 2011
  Processing by SiteController#map as HTML
Completed   in 7ms

ActionView::MissingTemplate (Missing template site/map with {:handlers=>[:rhtml, :erb, :haml, :rxml, :builder, :rb, :rjs], :locale=>[:en, :en], :formats=>[:html]} in view paths "/Users/loaner/Micah/Dropbox/Stamen/cabspotting/railspotting/app/views"):
  

Rendered /Library/Ruby/Gems/1.8/gems/actionpack-3.0.5/lib/action_dispatch/middleware/templates/rescues/missing_template.erb within rescues/layout (0.6ms)


Started GET "/" for 127.0.0.1 at Tue Mar 08 18:44:05 -0800 2011
  Processing by SiteController#index as HTML
Rendered site/index.rb within layouts/application (8.6ms)
Completed 200 OK in 17ms (Views: 16.9ms | ActiveRecord: 0.0ms)


Started GET "/map.html" for 127.0.0.1 at Tue Mar 08 18:44:05 -0800 2011
  Processing by SiteController#map as HTML
Completed   in 1ms

NoMethodError (undefined method `layout' for #<SiteController:0x103942880>):
  app/controllers/site_controller.rb:6:in `map'

Rendered /Library/Ruby/Gems/1.8/gems/actionpack-3.0.5/lib/action_dispatch/middleware/templates/rescues/_trace.erb (1.2ms)
Rendered /Library/Ruby/Gems/1.8/gems/actionpack-3.0.5/lib/action_dispatch/middleware/templates/rescues/_request_and_response.erb (4.1ms)
Rendered /Library/Ruby/Gems/1.8/gems/actionpack-3.0.5/lib/action_dispatch/middleware/templates/rescues/diagnostics.erb within rescues/layout (12.3ms)


Started GET "/" for 127.0.0.1 at Tue Mar 08 18:44:42 -0800 2011
  Processing by SiteController#index as HTML
Rendered site/index.rb within layouts/application (11.0ms)
Completed 200 OK in 95ms (Views: 19.7ms | ActiveRecord: 0.0ms)


Started GET "/map.html" for 127.0.0.1 at Tue Mar 08 18:44:42 -0800 2011
  Processing by SiteController#map as HTML
Completed   in 3ms

ActionView::MissingTemplate (Missing template site/map with {:handlers=>[:rhtml, :erb, :haml, :rxml, :builder, :rb, :rjs], :locale=>[:en, :en], :formats=>[:html]} in view paths "/Users/loaner/Micah/Dropbox/Stamen/cabspotting/railspotting/app/views"):
  app/controllers/site_controller.rb:6:in `map'

Rendered /Library/Ruby/Gems/1.8/gems/actionpack-3.0.5/lib/action_dispatch/middleware/templates/rescues/missing_template.erb within rescues/layout (0.8ms)


Started GET "/" for 127.0.0.1 at Tue Mar 08 18:45:58 -0800 2011
  Processing by SiteController#index as HTML
Rendered site/index.rb within layouts/application (10.1ms)
Completed 200 OK in 19ms (Views: 18.2ms | ActiveRecord: 0.0ms)


Started GET "/map.html" for 127.0.0.1 at Tue Mar 08 18:45:58 -0800 2011
  Processing by SiteController#map as HTML
Rendered site/map.rb (4.9ms)
Completed 200 OK in 9ms (Views: 8.2ms | ActiveRecord: 0.0ms)


Started GET "/" for 127.0.0.1 at Tue Mar 08 18:47:21 -0800 2011
  Processing by SiteController#index as HTML
Rendered site/index.rb within layouts/application (10.0ms)
Completed 200 OK in 19ms (Views: 18.7ms | ActiveRecord: 0.0ms)


Started GET "/map.html" for 127.0.0.1 at Tue Mar 08 18:47:22 -0800 2011
  Processing by SiteController#map as HTML
Rendered site/map.rb (5.9ms)
Completed 200 OK in 10ms (Views: 8.9ms | ActiveRecord: 0.0ms)
